#
# There is insufficient memory for the Java Runtime Environment to continue.
# Native memory allocation (malloc) failed to allocate 1017456 bytes for Chunk::new
# Possible reasons:
#   The system is out of physical RAM or swap space
#   In 32 bit mode, the process size limit was hit
# Possible solutions:
#   Reduce memory load on the system
#   Increase physical memory or swap space
#   Check if swap backing store is full
#   Use 64 bit Java on a 64 bit OS
#   Decrease Java heap size (-Xmx/-Xms)
#   Decrease number of Java threads
#   Decrease Java thread stack sizes (-Xss)
#   Set larger code cache with -XX:ReservedCodeCacheSize=
# This output file may be truncated or incomplete.
#
#  Out of Memory Error (allocation.cpp:390), pid=24116, tid=0x0000000000001f6c
#
# JRE version: Java(TM) SE Runtime Environment (8.0_161-b12) (build 1.8.0_161-b12)
# Java VM: Java HotSpot(TM) 64-Bit Server VM (25.161-b12 mixed mode windows-amd64 compressed oops)
# Failed to write core dump. Minidumps are not enabled by default on client versions of Windows
#

---------------  T H R E A D  ---------------

Current thread (0x0000000019a89800):  JavaThread "C2 CompilerThread1" daemon [_thread_in_native, id=8044, stack(0x000000001a420000,0x000000001a520000)]

Stack: [0x000000001a420000,0x000000001a520000]
[error occurred during error reporting (printing stack bounds), id 0xc0000005]

Native frames: (J=compiled Java code, j=interpreted, Vv=VM code, C=native code)


Current CompileTask:
C2:  47134 6743   !   4       edu.umd.cs.findbugs.detect.FindUselessObjects::analyzeMethod (1800 bytes)


---------------  P R O C E S S  ---------------

Java Threads: ( => current thread )
  0x000000001b490800 JavaThread "/127.0.0.1:64047 to /127.0.0.1:64045 workers Thread 3" [_thread_in_native, id=31684, stack(0x000000001c730000,0x000000001c830000)]
  0x000000001b491800 JavaThread "/127.0.0.1:64047 to /127.0.0.1:64045 workers Thread 2" [_thread_blocked, id=11892, stack(0x000000001c630000,0x000000001c730000)]
  0x000000001b490000 JavaThread "/127.0.0.1:64047 to /127.0.0.1:64045 workers" [_thread_in_Java, id=20464, stack(0x000000001c1f0000,0x000000001c2f0000)]
  0x0000000019b4c800 JavaThread "Service Thread" daemon [_thread_blocked, id=24816, stack(0x000000001a720000,0x000000001a820000)]
  0x0000000019a9e800 JavaThread "C1 CompilerThread3" daemon [_thread_in_native, id=11084, stack(0x000000001a620000,0x000000001a720000)]
  0x0000000019a97800 JavaThread "C2 CompilerThread2" daemon [_thread_in_native, id=15876, stack(0x000000001a520000,0x000000001a620000)]
=>0x0000000019a89800 JavaThread "C2 CompilerThread1" daemon [_thread_in_native, id=8044, stack(0x000000001a420000,0x000000001a520000)]
  0x0000000019a86000 JavaThread "C2 CompilerThread0" daemon [_thread_in_native, id=12708, stack(0x000000001a320000,0x000000001a420000)]
  0x0000000019a84000 JavaThread "Attach Listener" daemon [_thread_blocked, id=11356, stack(0x000000001a220000,0x000000001a320000)]
  0x0000000019a83000 JavaThread "Signal Dispatcher" daemon [_thread_blocked, id=19096, stack(0x000000001a120000,0x000000001a220000)]
  0x0000000002be9800 JavaThread "Finalizer" daemon [_thread_blocked, id=16168, stack(0x0000000019de0000,0x0000000019ee0000)]
  0x0000000002be8000 JavaThread "Reference Handler" daemon [_thread_blocked, id=29116, stack(0x00000000198e0000,0x00000000199e0000)]
  0x0000000002af2800 JavaThread "main" [_thread_blocked, id=21376, stack(0x00000000029d0000,0x0000000002ad0000)]

Other Threads:
  0x0000000017b09800 VMThread [stack: 0x00000000197e0000,0x00000000198e0000] [id=13248]
  0x0000000019aab800 WatcherThread [stack: 0x000000001a820000,0x000000001a920000] [id=32640]

VM state:not at safepoint (normal execution)

VM Mutex/Monitor currently owned by a thread: None

Heap:
 PSYoungGen      total 278528K, used 144557K [0x00000000d6100000, 0x00000000ee700000, 0x0000000100000000)
  eden space 253440K, 53% used [0x00000000d6100000,0x00000000de557778,0x00000000e5880000)
  from space 25088K, 36% used [0x00000000e5880000,0x00000000e6154080,0x00000000e7100000)
  to   space 29184K, 0% used [0x00000000eca80000,0x00000000eca80000,0x00000000ee700000)
 ParOldGen       total 105984K, used 57868K [0x0000000082200000, 0x0000000088980000, 0x00000000d6100000)
  object space 105984K, 54% used [0x0000000082200000,0x0000000085a83210,0x0000000088980000)
 Metaspace       used 22814K, capacity 23096K, committed 23216K, reserved 1069056K
  class space    used 2631K, capacity 2739K, committed 2816K, reserved 1048576K

Card table byte_map: [0x0000000011fb0000,0x00000000123a0000] byte_map_base: 0x0000000011b9f000

Marking Bits: (ParMarkBitMap*) 0x0000000062dcf860
 Begin Bits: [0x0000000012e40000, 0x0000000014db8000)
 End Bits:   [0x0000000014db8000, 0x0000000016d30000)

Polling page: 0x0000000001150000

CodeCache: size=245760Kb used=24996Kb max_used=28375Kb free=220763Kb
 bounds [0x0000000002bf0000, 0x00000000047f0000, 0x0000000011bf0000]
 total_blobs=5386 nmethods=4974 adapters=322
 compilation: enabled

Compilation events (10 events):
Event: 47.053 Thread 0x0000000019a9e800 nmethod 6799 0x0000000003b2d6d0 code [0x0000000003b2d840, 0x0000000003b2da28]
Event: 47.053 Thread 0x0000000019a9e800 6801       2       edu.umd.cs.findbugs.ba.obl.ObligationAnalysis::createFact (12 bytes)
Event: 47.053 Thread 0x0000000019a9e800 nmethod 6801 0x000000000336fc50 code [0x000000000336fda0, 0x000000000336ffd0]
Event: 47.054 Thread 0x0000000019a9e800 6802       2       edu.umd.cs.findbugs.ba.obl.ObligationAnalysis::isTop (9 bytes)
Event: 47.054 Thread 0x0000000019a9e800 nmethod 6802 0x000000000336f810 code [0x000000000336f960, 0x000000000336faf0]
Event: 47.057 Thread 0x0000000019a9e800 6803       2       edu.umd.cs.findbugs.detect.CrossSiteScripting::sawOpcode (1014 bytes)
Event: 47.073 Thread 0x0000000019a9e800 nmethod 6803 0x00000000044d6390 code [0x00000000044d7200, 0x00000000044dc118]
Event: 47.074 Thread 0x0000000019a9e800 6804 % !   3       edu.umd.cs.findbugs.ba.npe.NullDerefAndRedundantComparisonFinder::checkForUnconditionallyDereferencedNullValues @ 155 (448 bytes)
Event: 47.079 Thread 0x0000000019a9e800 nmethod 6804% 0x0000000003f2ed50 code [0x0000000003f2f320, 0x0000000003f33de8]
Event: 47.079 Thread 0x0000000019a9e800 6806   !   3       edu.umd.cs.findbugs.detect.DumbMethods::sawOpcode (5917 bytes)

GC Heap History (10 events):
Event: 40.434 GC heap before
{Heap before GC invocations=10 (full 0):
 PSYoungGen      total 278528K, used 76835K [0x00000000d6100000, 0x00000000e8e00000, 0x0000000100000000)
  eden space 253440K, 20% used [0x00000000d6100000,0x00000000d938f130,0x00000000e5880000)
  from space 25088K, 99% used [0x00000000e5880000,0x00000000e70f9eb8,0x00000000e7100000)
  to   space 20480K, 0% used [0x00000000e7100000,0x00000000e7100000,0x00000000e8500000)
 ParOldGen       total 86016K, used 35971K [0x0000000082200000, 0x0000000087600000, 0x00000000d6100000)
  object space 86016K, 41% used [0x0000000082200000,0x0000000084520d58,0x0000000087600000)
 Metaspace       used 20984K, capacity 21234K, committed 21296K, reserved 1069056K
  class space    used 2572K, capacity 2674K, committed 2688K, reserved 1048576K
Event: 40.469 GC heap after
Heap after GC invocations=10 (full 0):
 PSYoungGen      total 273920K, used 14835K [0x00000000d6100000, 0x00000000e8e00000, 0x0000000100000000)
  eden space 253440K, 0% used [0x00000000d6100000,0x00000000d6100000,0x00000000e5880000)
  from space 20480K, 72% used [0x00000000e7100000,0x00000000e7f7cf08,0x00000000e8500000)
  to   space 25088K, 0% used [0x00000000e5880000,0x00000000e5880000,0x00000000e7100000)
 ParOldGen       total 86016K, used 49550K [0x0000000082200000, 0x0000000087600000, 0x00000000d6100000)
  object space 86016K, 57% used [0x0000000082200000,0x0000000085263bd0,0x0000000087600000)
 Metaspace       used 20984K, capacity 21234K, committed 21296K, reserved 1069056K
  class space    used 2572K, capacity 2674K, committed 2688K, reserved 1048576K
}
Event: 40.469 GC heap before
{Heap before GC invocations=11 (full 1):
 PSYoungGen      total 273920K, used 14835K [0x00000000d6100000, 0x00000000e8e00000, 0x0000000100000000)
  eden space 253440K, 0% used [0x00000000d6100000,0x00000000d6100000,0x00000000e5880000)
  from space 20480K, 72% used [0x00000000e7100000,0x00000000e7f7cf08,0x00000000e8500000)
  to   space 25088K, 0% used [0x00000000e5880000,0x00000000e5880000,0x00000000e7100000)
 ParOldGen       total 86016K, used 49550K [0x0000000082200000, 0x0000000087600000, 0x00000000d6100000)
  object space 86016K, 57% used [0x0000000082200000,0x0000000085263bd0,0x0000000087600000)
 Metaspace       used 20984K, capacity 21234K, committed 21296K, reserved 1069056K
  class space    used 2572K, capacity 2674K, committed 2688K, reserved 1048576K
Event: 40.785 GC heap after
Heap after GC invocations=11 (full 1):
 PSYoungGen      total 273920K, used 0K [0x00000000d6100000, 0x00000000e8e00000, 0x0000000100000000)
  eden space 253440K, 0% used [0x00000000d6100000,0x00000000d6100000,0x00000000e5880000)
  from space 20480K, 0% used [0x00000000e7100000,0x00000000e7100000,0x00000000e8500000)
  to   space 25088K, 0% used [0x00000000e5880000,0x00000000e5880000,0x00000000e7100000)
 ParOldGen       total 105984K, used 47549K [0x0000000082200000, 0x0000000088980000, 0x00000000d6100000)
  object space 105984K, 44% used [0x0000000082200000,0x000000008506f4e0,0x0000000088980000)
 Metaspace       used 20984K, capacity 21234K, committed 21296K, reserved 1069056K
  class space    used 2572K, capacity 2674K, committed 2688K, reserved 1048576K
}
Event: 43.061 GC heap before
{Heap before GC invocations=12 (full 1):
 PSYoungGen      total 273920K, used 253440K [0x00000000d6100000, 0x00000000e8e00000, 0x0000000100000000)
  eden space 253440K, 100% used [0x00000000d6100000,0x00000000e5880000,0x00000000e5880000)
  from space 20480K, 0% used [0x00000000e7100000,0x00000000e7100000,0x00000000e8500000)
  to   space 25088K, 0% used [0x00000000e5880000,0x00000000e5880000,0x00000000e7100000)
 ParOldGen       total 105984K, used 47549K [0x0000000082200000, 0x0000000088980000, 0x00000000d6100000)
  object space 105984K, 44% used [0x0000000082200000,0x000000008506f4e0,0x0000000088980000)
 Metaspace       used 22367K, capacity 22642K, committed 22960K, reserved 1069056K
  class space    used 2613K, capacity 2738K, committed 2816K, reserved 1048576K
Event: 43.068 GC heap after
Heap after GC invocations=12 (full 1):
 PSYoungGen      total 278528K, used 6848K [0x00000000d6100000, 0x00000000e8e00000, 0x0000000100000000)
  eden space 253440K, 0% used [0x00000000d6100000,0x00000000d6100000,0x00000000e5880000)
  from space 25088K, 27% used [0x00000000e5880000,0x00000000e5f30020,0x00000000e7100000)
  to   space 20480K, 0% used [0x00000000e7100000,0x00000000e7100000,0x00000000e8500000)
 ParOldGen       total 105984K, used 47549K [0x0000000082200000, 0x0000000088980000, 0x00000000d6100000)
  object space 105984K, 44% used [0x0000000082200000,0x000000008506f4e0,0x0000000088980000)
 Metaspace       used 22367K, capacity 22642K, committed 22960K, reserved 1069056K
  class space    used 2613K, capacity 2738K, committed 2816K, reserved 1048576K
}
Event: 45.113 GC heap before
{Heap before GC invocations=13 (full 1):
 PSYoungGen      total 278528K, used 260288K [0x00000000d6100000, 0x00000000e8e00000, 0x0000000100000000)
  eden space 253440K, 100% used [0x00000000d6100000,0x00000000e5880000,0x00000000e5880000)
  from space 25088K, 27% used [0x00000000e5880000,0x00000000e5f30020,0x00000000e7100000)
  to   space 20480K, 0% used [0x00000000e7100000,0x00000000e7100000,0x00000000e8500000)
 ParOldGen       total 105984K, used 47549K [0x0000000082200000, 0x0000000088980000, 0x00000000d6100000)
  object space 105984K, 44% used [0x0000000082200000,0x000000008506f4e0,0x0000000088980000)
 Metaspace       used 22552K, capacity 22834K, committed 22960K, reserved 1069056K
  class space    used 2616K, capacity 2738K, committed 2816K, reserved 1048576K
Event: 45.124 GC heap after
Heap after GC invocations=13 (full 1):
 PSYoungGen      total 273920K, used 6128K [0x00000000d6100000, 0x00000000e8e00000, 0x0000000100000000)
  eden space 253440K, 0% used [0x00000000d6100000,0x00000000d6100000,0x00000000e5880000)
  from space 20480K, 29% used [0x00000000e7100000,0x00000000e76fc020,0x00000000e8500000)
  to   space 25088K, 0% used [0x00000000e5880000,0x00000000e5880000,0x00000000e7100000)
 ParOldGen       total 105984K, used 52887K [0x0000000082200000, 0x0000000088980000, 0x00000000d6100000)
  object space 105984K, 49% used [0x0000000082200000,0x00000000855a5ff8,0x0000000088980000)
 Metaspace       used 22552K, capacity 22834K, committed 22960K, reserved 1069056K
  class space    used 2616K, capacity 2738K, committed 2816K, reserved 1048576K
}
Event: 46.434 GC heap before
{Heap before GC invocations=14 (full 1):
 PSYoungGen      total 273920K, used 259568K [0x00000000d6100000, 0x00000000e8e00000, 0x0000000100000000)
  eden space 253440K, 100% used [0x00000000d6100000,0x00000000e5880000,0x00000000e5880000)
  from space 20480K, 29% used [0x00000000e7100000,0x00000000e76fc020,0x00000000e8500000)
  to   space 25088K, 0% used [0x00000000e5880000,0x00000000e5880000,0x00000000e7100000)
 ParOldGen       total 105984K, used 52887K [0x0000000082200000, 0x0000000088980000, 0x00000000d6100000)
  object space 105984K, 49% used [0x0000000082200000,0x00000000855a5ff8,0x0000000088980000)
 Metaspace       used 22678K, capacity 22968K, committed 23216K, reserved 1069056K
  class space    used 2624K, capacity 2739K, committed 2816K, reserved 1048576K
Event: 46.446 GC heap after
Heap after GC invocations=14 (full 1):
 PSYoungGen      total 278528K, used 9040K [0x00000000d6100000, 0x00000000ee700000, 0x0000000100000000)
  eden space 253440K, 0% used [0x00000000d6100000,0x00000000d6100000,0x00000000e5880000)
  from space 25088K, 36% used [0x00000000e5880000,0x00000000e6154080,0x00000000e7100000)
  to   space 29184K, 0% used [0x00000000eca80000,0x00000000eca80000,0x00000000ee700000)
 ParOldGen       total 105984K, used 57868K [0x0000000082200000, 0x0000000088980000, 0x00000000d6100000)
  object space 105984K, 54% used [0x0000000082200000,0x0000000085a83210,0x0000000088980000)
 Metaspace       used 22678K, capacity 22968K, committed 23216K, reserved 1069056K
  class space    used 2624K, capacity 2739K, committed 2816K, reserved 1048576K
}

Deoptimization events (10 events):
Event: 46.986 Thread 0x000000001b490000 Uncommon trap: reason=unstable_if action=reinterpret pc=0x000000000456077c method=edu.umd.cs.findbugs.detect.FindBadForLoop.sawOpcode(I)V @ 67
Event: 46.997 Thread 0x000000001b490000 Uncommon trap: reason=null_check action=make_not_entrant pc=0x00000000033b5a5c method=edu.umd.cs.findbugs.detect.FindFloatEquality.sawOpcode(I)V @ 123
Event: 47.030 Thread 0x000000001b490000 Uncommon trap: reason=unstable_if action=reinterpret pc=0x00000000044cc3d4 method=edu.umd.cs.findbugs.ba.npe.IsNullValue.merge(Ledu/umd/cs/findbugs/ba/npe/IsNullValue;Ledu/umd/cs/findbugs/ba/npe/IsNullValue;)Ledu/umd/cs/findbugs/ba/npe/IsNullValue; @ 90
Event: 47.040 Thread 0x000000001b490000 Uncommon trap: reason=unstable_if action=reinterpret pc=0x0000000004225700 method=edu.umd.cs.findbugs.detect.DumbMethods.sawOpcode(I)V @ 5073
Event: 47.040 Thread 0x000000001b490000 Uncommon trap: reason=unstable_if action=reinterpret pc=0x0000000003537110 method=edu.umd.cs.findbugs.detect.DumbMethods$RangeCheckSubDetector.sawOpcode(I)V @ 624
Event: 47.047 Thread 0x000000001b490000 Uncommon trap: reason=unstable_if action=reinterpret pc=0x00000000043ba2f4 method=java.util.regex.Pattern.has(I)Z @ 6
Event: 47.047 Thread 0x000000001b490000 Uncommon trap: reason=unstable_if action=reinterpret pc=0x0000000002fb33d0 method=java.util.regex.Pattern.has(I)Z @ 6
Event: 47.047 Thread 0x000000001b490000 Uncommon trap: reason=unstable_if action=reinterpret pc=0x00000000041635c8 method=java.util.regex.Pattern$BnM.optimize(Ljava/util/regex/Pattern$Node;)Ljava/util/regex/Pattern$Node; @ 91
Event: 47.054 Thread 0x000000001b490000 Uncommon trap: reason=unstable_if action=reinterpret pc=0x0000000003861a18 method=java.util.regex.Pattern.atom()Ljava/util/regex/Pattern$Node; @ 354
Event: 47.056 Thread 0x000000001b490000 Uncommon trap: reason=unstable_if action=reinterpret pc=0x00000000037cca68 method=edu.umd.cs.findbugs.detect.CrossSiteScripting.sawOpcode(I)V @ 79

Classes redefined (0 events):
No events

Internal exceptions (10 events):
Event: 34.227 Thread 0x000000001b490000 Implicit null exception at 0x00000000032d927f to 0x00000000032d9321
Event: 34.431 Thread 0x000000001b490000 Implicit null exception at 0x000000000346431e to 0x0000000003465789
Event: 35.885 Thread 0x000000001b490000 Implicit null exception at 0x0000000002f2e743 to 0x0000000002f2ec7d
Event: 35.904 Thread 0x000000001b490000 Implicit null exception at 0x0000000002d6bf83 to 0x0000000002d6c547
Event: 38.446 Thread 0x000000001b490000 Implicit null exception at 0x000000000391a08c to 0x000000000391ea2d
Event: 39.445 Thread 0x000000001b490000 Implicit null exception at 0x0000000002e65dd5 to 0x0000000002e65fd1
Event: 39.673 Thread 0x000000001b490000 Implicit null exception at 0x0000000003525ce8 to 0x0000000003527a21
Event: 39.708 Thread 0x000000001b490000 Implicit null exception at 0x0000000003a31dcc to 0x0000000003a31e2d
Event: 46.123 Thread 0x000000001b490000 Implicit null exception at 0x0000000003cf330c to 0x0000000003cfb721
Event: 46.997 Thread 0x000000001b490000 Implicit null exception at 0x00000000033b5805 to 0x00000000033b5a4d

Events (10 events):
Event: 47.047 Thread 0x000000001b490000 DEOPT PACKING pc=0x00000000041635c8 sp=0x000000001c2ecac0
Event: 47.047 Thread 0x000000001b490000 DEOPT UNPACKING pc=0x0000000002c3583b sp=0x000000001c2eca58 mode 2
Event: 47.054 Thread 0x000000001b490000 Uncommon trap: trap_request=0xffffff65 fr.pc=0x0000000003861a18
Event: 47.054 Thread 0x000000001b490000 DEOPT PACKING pc=0x0000000003861a18 sp=0x000000001c2eca10
Event: 47.054 Thread 0x000000001b490000 DEOPT UNPACKING pc=0x0000000002c3583b sp=0x000000001c2ec998 mode 2
Event: 47.056 Thread 0x000000001b490000 Uncommon trap: trap_request=0xffffff65 fr.pc=0x00000000037cca68
Event: 47.056 Thread 0x000000001b490000 DEOPT PACKING pc=0x00000000037cca68 sp=0x000000001c2ecfa0
Event: 47.056 Thread 0x000000001b490000 DEOPT UNPACKING pc=0x0000000002c3583b sp=0x000000001c2ecf20 mode 2
Event: 47.085 loading class java/lang/StrictMath
Event: 47.086 loading class java/lang/StrictMath done


Dynamic libraries:
0x00007ff6895a0000 - 0x00007ff6895d7000 	C:\Program Files\Java\jdk1.8.0_161\bin\java.exe
0x00007ffe5e9a0000 - 0x00007ffe5eb90000 	C:\WINDOWS\SYSTEM32\ntdll.dll
0x00007ffe5ca50000 - 0x00007ffe5cb02000 	C:\WINDOWS\System32\KERNEL32.DLL
0x00007ffe5bc70000 - 0x00007ffe5bf13000 	C:\WINDOWS\System32\KERNELBASE.dll
0x00007ffe5d520000 - 0x00007ffe5d5c3000 	C:\WINDOWS\System32\ADVAPI32.dll
0x00007ffe5d0c0000 - 0x00007ffe5d15e000 	C:\WINDOWS\System32\msvcrt.dll
0x00007ffe5dce0000 - 0x00007ffe5dd77000 	C:\WINDOWS\System32\sechost.dll
0x00007ffe5dd80000 - 0x00007ffe5dea0000 	C:\WINDOWS\System32\RPCRT4.dll
0x00007ffe5da00000 - 0x00007ffe5db94000 	C:\WINDOWS\System32\USER32.dll
0x00007ffe5c720000 - 0x00007ffe5c741000 	C:\WINDOWS\System32\win32u.dll
0x00007ffe5dea0000 - 0x00007ffe5dec6000 	C:\WINDOWS\System32\GDI32.dll
0x00007ffe5c890000 - 0x00007ffe5ca24000 	C:\WINDOWS\System32\gdi32full.dll
0x00007ffe5bbd0000 - 0x00007ffe5bc6e000 	C:\WINDOWS\System32\msvcp_win.dll
0x00007ffe5b980000 - 0x00007ffe5ba7a000 	C:\WINDOWS\System32\ucrtbase.dll
0x00007ffe4a150000 - 0x00007ffe4a3d5000 	C:\WINDOWS\WinSxS\amd64_microsoft.windows.common-controls_6595b64144ccf1df_6.0.18362.657_none_e6c5b579130e3898\COMCTL32.dll
0x00007ffe5ded0000 - 0x00007ffe5e206000 	C:\WINDOWS\System32\combase.dll
0x00007ffe5bf20000 - 0x00007ffe5bfa0000 	C:\WINDOWS\System32\bcryptPrimitives.dll
0x00007ffe5d4f0000 - 0x00007ffe5d51e000 	C:\WINDOWS\System32\IMM32.DLL
0x0000000062e50000 - 0x0000000062f22000 	C:\Program Files\Java\jdk1.8.0_161\jre\bin\msvcr100.dll
0x00000000625b0000 - 0x0000000062e4f000 	C:\Program Files\Java\jdk1.8.0_161\jre\bin\server\jvm.dll
0x00007ffe5d920000 - 0x00007ffe5d928000 	C:\WINDOWS\System32\PSAPI.DLL
0x00007ffe59610000 - 0x00007ffe59634000 	C:\WINDOWS\SYSTEM32\WINMM.dll
0x00007ffe53d90000 - 0x00007ffe53d9a000 	C:\WINDOWS\SYSTEM32\VERSION.dll
0x00007ffe46560000 - 0x00007ffe46569000 	C:\WINDOWS\SYSTEM32\WSOCK32.dll
0x00007ffe5d780000 - 0x00007ffe5d7ef000 	C:\WINDOWS\System32\WS2_32.dll
0x00007ffe595e0000 - 0x00007ffe5960d000 	C:\WINDOWS\SYSTEM32\WINMMBASE.dll
0x00007ffe5b930000 - 0x00007ffe5b97a000 	C:\WINDOWS\System32\cfgmgr32.dll
0x0000000066110000 - 0x000000006611f000 	C:\Program Files\Java\jdk1.8.0_161\jre\bin\verify.dll
0x00000000648c0000 - 0x00000000648e9000 	C:\Program Files\Java\jdk1.8.0_161\jre\bin\java.dll
0x0000000063d60000 - 0x0000000063d76000 	C:\Program Files\Java\jdk1.8.0_161\jre\bin\zip.dll
0x00007ffe5e210000 - 0x00007ffe5e8f5000 	C:\WINDOWS\System32\SHELL32.dll
0x00007ffe5d870000 - 0x00007ffe5d919000 	C:\WINDOWS\System32\shcore.dll
0x00007ffe5bfa0000 - 0x00007ffe5c71f000 	C:\WINDOWS\System32\windows.storage.dll
0x00007ffe5b8f0000 - 0x00007ffe5b90f000 	C:\WINDOWS\System32\profapi.dll
0x00007ffe5b880000 - 0x00007ffe5b8ca000 	C:\WINDOWS\System32\powrprof.dll
0x00007ffe5b870000 - 0x00007ffe5b880000 	C:\WINDOWS\System32\UMPDC.dll
0x00007ffe5e900000 - 0x00007ffe5e952000 	C:\WINDOWS\System32\shlwapi.dll
0x00007ffe5b8d0000 - 0x00007ffe5b8e1000 	C:\WINDOWS\System32\kernel.appcore.dll
0x00007ffe5ca30000 - 0x00007ffe5ca47000 	C:\WINDOWS\System32\cryptsp.dll
0x0000000063d40000 - 0x0000000063d5a000 	C:\Program Files\Java\jdk1.8.0_161\jre\bin\net.dll
0x00007ffe5b0e0000 - 0x00007ffe5b147000 	C:\WINDOWS\system32\mswsock.dll
0x0000000063d20000 - 0x0000000063d31000 	C:\Program Files\Java\jdk1.8.0_161\jre\bin\nio.dll
0x00007ffe3e340000 - 0x00007ffe3e35e000 	C:\Users\viraj\.gradle\native\25\windows-amd64\native-platform.dll
0x00007ffe5abf0000 - 0x00007ffe5ac23000 	C:\WINDOWS\system32\rsaenh.dll
0x00007ffe5c750000 - 0x00007ffe5c776000 	C:\WINDOWS\System32\bcrypt.dll
0x00007ffe5b790000 - 0x00007ffe5b7b5000 	C:\WINDOWS\SYSTEM32\USERENV.dll
0x00007ffe5b2b0000 - 0x00007ffe5b2bc000 	C:\WINDOWS\SYSTEM32\CRYPTBASE.dll
0x00007ffe5adf0000 - 0x00007ffe5ae2a000 	C:\WINDOWS\SYSTEM32\IPHLPAPI.DLL
0x00007ffe5cf80000 - 0x00007ffe5cf88000 	C:\WINDOWS\System32\NSI.dll
0x00007ffe52b70000 - 0x00007ffe52b86000 	C:\WINDOWS\SYSTEM32\dhcpcsvc6.DLL
0x00007ffe52b50000 - 0x00007ffe52b6c000 	C:\WINDOWS\SYSTEM32\dhcpcsvc.DLL
0x00007ffe5ae30000 - 0x00007ffe5aefa000 	C:\WINDOWS\SYSTEM32\DNSAPI.dll
0x0000000065f80000 - 0x0000000065f8d000 	C:\Program Files\Java\jdk1.8.0_161\jre\bin\management.dll

VM Arguments:
jvm_args: -Djava.security.manager=worker.org.gradle.process.internal.worker.child.BootstrapSecurityManager -Dfile.encoding=windows-1252 -Duser.country=IN -Duser.language=en -Duser.variant 
java_command: worker.org.gradle.process.internal.worker.GradleWorkerMain 'Gradle FindBugs Worker 1'
java_class_path (initial): C:\Users\viraj\.gradle\caches\4.10.1\workerMain\gradle-worker.jar
Launcher Type: SUN_STANDARD

Environment Variables:
CLASSPATH=D:\GSOC 20\mifos-mobile\\gradle\wrapper\gradle-wrapper.jar
PATH=D:\Corel\;C:\Python27\;C:\Python27\Scripts;C:\Program Files (x86)\Common Files\Oracle\Java\javapath;C:\ProgramData\Oracle\Java\javapath;D:\app\201701439\product\11.2.0\dbhome_1\bin;C:\Program Files\Intel\iCLS Client\;C:\Windows\system32;C:\Windows;C:\Windows\System32\Wbem;C:\Windows\System32\WindowsPowerShell\v1.0\;C:\Program Files (x86)\NVIDIA Corporation\PhysX\Common;D:\Git\cmd;C:\WINDOWS\system32;C:\WINDOWS;C:\WINDOWS\System32\Wbem;C:\WINDOWS\System32\WindowsPowerShell\v1.0\;C:\WINDOWS\System32\OpenSSH\;D:\Python2715;C:\Program Files\NVIDIA Corporation\NVIDIA NvDLISR;C:\Program Files\MATLAB\R2018b\bin;C:\Program Files\Java\jdk1.8.0_161\bin;C:\Users\viraj\Desktop\Viraj\apache-maven-3.6.1-bin\apache-maven-3.6.1\bin;C:\Program Files (x86)\Intel\Intel(R) Management Engine Components\DAL;C:\Program Files\Intel\Intel(R) Management Engine Components\DAL;D:\Go\bin;C:\WINDOWS\system32;C:\WINDOWS;C:\WINDOWS\System32\Wbem;C:\WINDOWS\System32\WindowsPowerShell\v1.0\;C:\WINDOWS\System32\OpenSSH\;D:\Node JS\;C:\ProgramData\chocolatey\bin;C:\Users\viraj\AppData\Local\Microsoft\WindowsApps;C:\Users\viraj\go\bin;D:\Go\bin;;D:\Microsoft VS Code\bin;"D:\Wireshark\uninstall.exe";C:\Users\viraj\AppData\Roaming\npm
USERNAME=201701439
OS=Windows_NT
PROCESSOR_IDENTIFIER=Intel64 Family 6 Model 158 Stepping 9, GenuineIntel



---------------  S Y S T E M  ---------------

OS: Windows 10.0 , 64 bit Build 18362 (10.0.18362.329)

CPU:total 8 (initial active 8) (4 cores per cpu, 2 threads per core) family 6 model 158 stepping 9, cmov, cx8, fxsr, mmx, sse, sse2, sse3, ssse3, sse4.1, sse4.2, popcnt, avx, avx2, aes, clmul, erms, 3dnowpref, lzcnt, ht, tsc, tscinvbit, bmi1, bmi2, adx

Memory: 4k page, physical 8247252k(370984k free), swap 22093904k(6252k free)

vm_info: Java HotSpot(TM) 64-Bit Server VM (25.161-b12) for windows-amd64 JRE (1.8.0_161-b12), built on Dec 19 2017 17:52:25 by "java_re" with MS VC++ 10.0 (VS2010)

time: Sat Mar 14 16:30:40 2020
elapsed time: 47 seconds (0d 0h 0m 47s)

